kidszz@DESKTOP-C4GOCEO:/mnt/sdcard-la/musl$ qemu-loongarch64-static -strace ./busybox echo hello
156286 set_tid_address(0x1201fdb88) = 156286
156286 getuid() = 1000
156286 statx(AT_FDCWD,"/etc/busybox.conf",AT_NO_AUTOMOUNT|AT_STATX_SYNC_AS_STAT,STATX_BASIC_STATS,0x0000555555d55da0) = -1 errno=2 (No such file or directory)
156286 getgid() = 1000
156286 rt_sigprocmask(SIG_BLOCK,0x00000001201e2d50,0x0000555555d55e08,8) = 0
156286 rt_sigprocmask(SIG_BLOCK,0x00000001201e2d58,NULL,8) = 0
156286 setgid(1000) = 0
156286 rt_sigprocmask(SIG_SETMASK,0x0000555555d55e08,NULL,8) = 0
156286 rt_sigprocmask(SIG_BLOCK,0x00000001201e2d50,0x0000555555d55e08,8) = 0
156286 rt_sigprocmask(SIG_BLOCK,0x00000001201e2d58,NULL,8) = 0
156286 setuid(1000,0,0,8,93825000627616,93825000628224) = 0
156286 rt_sigprocmask(SIG_SETMASK,0x0000555555d55e08,NULL,8) = 0
156286 brk(NULL) = 0x00000001201fe000
156286 brk(0x0000000120200000) = 0x0000000120200000
156286 mmap(0x00000001201fe000,4096,PROT_NONE,MAP_PRIVATE|MAP_ANONYMOUS|MAP_FIXED,-1,0) = 0x00000001201fe000
156286 mmap(NULL,4096,PROT_READ|PROT_WRITE,MAP_PRIVATE|MAP_ANONYMOUS,-1,0) = 0x0000555555d5c000
156286 write(1,0x55d5c040,6)hello
 = 6
156286 munmap(0x0000555555d5c000,4096) = 0
156286 exit_group(0)




----------glibc--------------------

kidszz@DESKTOP-C4GOCEO:/mnt/sdcard-la/glibc$ qemu-loongarch64-static -strace ./busybox echo hello
178803 brk(NULL) = 0x0000000120332000
178803 brk(0x0000000120332b28) = 0x0000000120332b28
178803 set_tid_address(0x1203320d0) = 178803
178803 set_robust_list(0x1203320e0,24) = -1 errno=38 (Function not implemented)
178803 prlimit64(0,RLIMIT_STACK,NULL,0x0000555555d56088) = 0 ({rlim_cur=8388608,rlim_max=-1})
178803 readlinkat(AT_FDCWD,"/proc/self/exe",0x0000555555d55010,4096) = 28
178803 getrandom(0x12032f788,8,1) = 8
178803 brk(NULL) = 0x0000000120332b28
178803 brk(0x0000000120353b28) = 0x0000000120353b28
178803 brk(0x0000000120354000) = 0x0000000120354000
178803 mprotect(0x00000001202c1000,421888,PROT_READ) = 0
178803 getuid() = 1000
178803 statx(AT_FDCWD,"/etc/busybox.conf",AT_NO_AUTOMOUNT|AT_STATX_SYNC_AS_STAT,STATX_BASIC_STATS,0x0000555555d55c48) = -1 errno=2 (No such file or directory)
178803 getgid() = 1000
178803 setgid(1000) = 0
178803 setuid(1000,4834237425,93825000628560,2047,93825000627272,93825000627888) = 0
178803 write(1,0x203334b0,6)hello
 = 6
178803 exit_group(0)